<?xml version="1.0" encoding="UTF-8"?>
<testsuite xmlns:xsi="http://www.w3.org/2001/XMLSchema-instance" xsi:noNamespaceSchemaLocation="https://maven.apache.org/surefire/maven-surefire-plugin/xsd/surefire-test-report.xsd" version="3.0.2" name="com.example.demo.ShippingApplicationTests" time="4.128" tests="1" errors="0" skipped="0" failures="0">
  <properties>
[...]
</properties>
  <testcase name="contextLoads" classname="com.example.demo.ShippingApplicationTests" time="1.235">
    <system-out><![CDATA[16:40:46.029 [main] INFO org.springframework.test.context.support.AnnotationConfigContextLoaderUtils -- Could not detect default configuration classes for test class [com.example.demo.ShippingApplicationTests]: ShippingApplicationTests does not declare any static, non-private, non-final, nested classes annotated with @Configuration.
16:40:46.161 [main] INFO org.springframework.boot.test.context.SpringBootTestContextBootstrapper -- Found @SpringBootConfiguration com.example.demo.ShippingApplication for test class com.example.demo.ShippingApplicationTests

  .   ____          _            __ _ _
 /\\ / ___'_ __ _ _(_)_ __  __ _ \ \ \ \
( ( )\___ | '_ | '_| | '_ \/ _` | \ \ \ \
 \\/  ___)| |_)| | | | | || (_| |  ) ) ) )
  '  |____| .__|_| |_|_| |_\__, | / / / /
 =========|_|==============|___/=/_/_/_/

 :: Spring Boot ::                (v4.0.1)

2026-01-12T16:40:46.775Z  INFO 14511 --- [shipping] [           main] c.example.demo.ShippingApplicationTests  : Starting ShippingApplicationTests using Java 17.0.17 with PID 14511 (started by codespace in /workspaces/Bluedart-Test-API/backend/shipping)
2026-01-12T16:40:46.779Z  INFO 14511 --- [shipping] [           main] c.example.demo.ShippingApplicationTests  : No active profile set, falling back to 1 default profile: "default"
2026-01-12T16:40:48.598Z  INFO 14511 --- [shipping] [           main] c.example.demo.ShippingApplicationTests  : Started ShippingApplicationTests in 2.251 seconds (process running for 3.89)
]]></system-out>
  </testcase>
</testsuite>